{
  "stats": {
    "suites": 1,
    "tests": 3,
    "passes": 2,
    "pending": 0,
    "failures": 1,
    "start": "2020-10-01T02:04:20.291Z",
    "end": "2020-10-01T02:04:42.369Z",
    "duration": 22078,
    "testsRegistered": 3,
    "passPercent": 66.66666666666666,
    "pendingPercent": 0,
    "other": 0,
    "hasOther": false,
    "skipped": 0,
    "hasSkipped": false
  },
  "results": [
    {
      "uuid": "3e7b8db3-83c7-40c0-88cd-d39a42fc5a8c",
      "title": "",
      "fullFile": "cypress/integration/google-fail.js",
      "file": "cypress/integration/google-fail.js",
      "beforeHooks": [],
      "afterHooks": [],
      "tests": [],
      "suites": [
        {
          "uuid": "af681d81-8807-4ec5-9aff-301f7528b320",
          "title": "Google fail search",
          "fullFile": "",
          "file": "",
          "beforeHooks": [],
          "afterHooks": [],
          "tests": [
            {
              "title": "Successfully loads Google.com",
              "fullTitle": "Google fail search Successfully loads Google.com",
              "timedOut": null,
              "duration": 6289,
              "state": "passed",
              "speed": "slow",
              "pass": true,
              "fail": false,
              "pending": false,
              "context": "\"videos/google-fail.js.mp4\"",
              "code": "cy.visit('https://www.google.com');",
              "err": {},
              "uuid": "306303b2-7b3b-4a99-9cba-04fa168c210b",
              "parentUUID": "af681d81-8807-4ec5-9aff-301f7528b320",
              "isHook": false,
              "skipped": false
            },
            {
              "title": "Search for something strange",
              "fullTitle": "Google fail search Search for something strange",
              "timedOut": null,
              "duration": 4002,
              "state": "passed",
              "speed": "slow",
              "pass": true,
              "fail": false,
              "pending": false,
              "context": "\"videos/google-fail.js.mp4\"",
              "code": "cy.get('[name=\"q\"]').type('anqqaxc a57k2..').should('have.value', 'anqqaxc a57k2..').type('{enter}');",
              "err": {},
              "uuid": "e6e5bda4-92e9-444e-a48f-2fd0d77b0f97",
              "parentUUID": "af681d81-8807-4ec5-9aff-301f7528b320",
              "isHook": false,
              "skipped": false
            },
            {
              "title": "Expect more than 1000 results",
              "fullTitle": "Google fail search Expect more than 1000 results",
              "timedOut": null,
              "duration": 5866,
              "state": "failed",
              "speed": null,
              "pass": false,
              "fail": true,
              "pending": false,
              "context": "\"videos/google-fail.js.mp4\"",
              "code": "cy.get('[id=\"result-stats\"]').contains('100 results');",
              "err": {
                "message": "AssertionError: Timed out retrying: Expected to find content: '100 results' within the element: <div#result-stats> but never did.",
                "estack": "AssertionError: Timed out retrying: Expected to find content: '100 results' within the element: <div#result-stats> but never did.\n    at Context.eval (https://www.google.com/__cypress/tests?p=cypress/integration/google-fail.js:107:35)",
                "diff": null
              },
              "uuid": "05152ef4-7222-4be8-9911-5a29f0021837",
              "parentUUID": "af681d81-8807-4ec5-9aff-301f7528b320",
              "isHook": false,
              "skipped": false
            }
          ],
          "suites": [],
          "passes": [
            "306303b2-7b3b-4a99-9cba-04fa168c210b",
            "e6e5bda4-92e9-444e-a48f-2fd0d77b0f97"
          ],
          "failures": [
            "05152ef4-7222-4be8-9911-5a29f0021837"
          ],
          "pending": [],
          "skipped": [],
          "duration": 16157,
          "root": false,
          "rootEmpty": false,
          "_timeout": 2000
        }
      ],
      "passes": [],
      "failures": [],
      "pending": [],
      "skipped": [],
      "duration": 0,
      "root": true,
      "rootEmpty": true,
      "_timeout": 2000
    }
  ],
  "meta": {
    "mocha": {
      "version": "7.0.1"
    },
    "mochawesome": {
      "options": {
        "quiet": false,
        "reportFilename": "mochawesome",
        "saveHtml": false,
        "saveJson": true,
        "consoleReporter": "spec",
        "useInlineDiffs": false,
        "code": true
      },
      "version": "6.1.1"
    },
    "marge": {
      "options": {
        "id": "default",
        "reportDir": "cypress/results/json",
        "overwrite": false,
        "html": false,
        "json": true
      },
      "version": "5.1.0"
    }
  }
}