{
  "stats": {
    "suites": 1,
    "tests": 2,
    "passes": 2,
    "pending": 0,
    "failures": 0,
    "start": "2020-10-01T02:06:45.847Z",
    "end": "2020-10-01T02:07:07.878Z",
    "duration": 22031,
    "testsRegistered": 2,
    "passPercent": 100,
    "pendingPercent": 0,
    "other": 0,
    "hasOther": false,
    "skipped": 0,
    "hasSkipped": false
  },
  "results": [
    {
      "uuid": "0ac90b61-23ed-46fd-a9bf-229328d27d8c",
      "title": "",
      "fullFile": "cypress/integration/google-success.js",
      "file": "cypress/integration/google-success.js",
      "beforeHooks": [],
      "afterHooks": [],
      "tests": [],
      "suites": [
        {
          "uuid": "6a1b5637-f612-4055-8d55-e69c9011671f",
          "title": "Google success search",
          "fullFile": "",
          "file": "",
          "beforeHooks": [],
          "afterHooks": [],
          "tests": [
            {
              "title": "Successfully loads Google.com",
              "fullTitle": "Google success search Successfully loads Google.com",
              "timedOut": null,
              "duration": 6948,
              "state": "passed",
              "speed": "slow",
              "pass": true,
              "fail": false,
              "pending": false,
              "context": "\"videos/google-success.js.mp4\"",
              "code": "cy.visit('https://www.google.com');",
              "err": {},
              "uuid": "1363a40c-2811-4037-9f01-fbb3bdd8dcd7",
              "parentUUID": "6a1b5637-f612-4055-8d55-e69c9011671f",
              "isHook": false,
              "skipped": false
            },
            {
              "title": "Search for a video",
              "fullTitle": "Google success search Search for a video",
              "timedOut": null,
              "duration": 10410,
              "state": "passed",
              "speed": "slow",
              "pass": true,
              "fail": false,
              "pending": false,
              "context": "\"videos/google-success.js.mp4\"",
              "code": "cy.get('[name=\"q\"]').type('never gonna give you up youtube').should('have.value', 'never gonna give you up youtube').type('{enter}');",
              "err": {},
              "uuid": "43052454-d810-464a-8cf6-933e5762eb4e",
              "parentUUID": "6a1b5637-f612-4055-8d55-e69c9011671f",
              "isHook": false,
              "skipped": false
            }
          ],
          "suites": [],
          "passes": [
            "1363a40c-2811-4037-9f01-fbb3bdd8dcd7",
            "43052454-d810-464a-8cf6-933e5762eb4e"
          ],
          "failures": [],
          "pending": [],
          "skipped": [],
          "duration": 17358,
          "root": false,
          "rootEmpty": false,
          "_timeout": 2000
        }
      ],
      "passes": [],
      "failures": [],
      "pending": [],
      "skipped": [],
      "duration": 0,
      "root": true,
      "rootEmpty": true,
      "_timeout": 2000
    }
  ],
  "meta": {
    "mocha": {
      "version": "7.0.1"
    },
    "mochawesome": {
      "options": {
        "quiet": false,
        "reportFilename": "mochawesome",
        "saveHtml": false,
        "saveJson": true,
        "consoleReporter": "spec",
        "useInlineDiffs": false,
        "code": true
      },
      "version": "6.1.1"
    },
    "marge": {
      "options": {
        "id": "default",
        "reportDir": "cypress/results/json",
        "overwrite": false,
        "html": false,
        "json": true
      },
      "version": "5.1.0"
    }
  }
}